color white/blue  black/light-gray white/black white/black
timeout 10
default 0
# Next Line Remove #  to activate ScreenShot - Use Left Ctrl + Left Alt + F12
# load -n /EFI/grub/tools/CrScreenshotDxe.efi

title Windows EFI BootManager - chainloader /EFI/Microsoft/Boot/bootmgfw.efi
find --set-root /EFI/Microsoft/Boot/bootmgfw.efi
chainloader /EFI/Microsoft/Boot/bootmgfw.efi

title Windows EFI BootManager - chainloader /EFI/Boot/bootx64_win.efi
find --set-root /EFI/Boot/bootx64_win.efi
chainloader /EFI/Boot/bootx64_win.efi

title Win10XPE - Find images/Win10XPE_x64.ISO
find --set-root /images/Win10XPE_x64.ISO
map /images/Win10XPE_x64.ISO (0xff)
chainloader (0xff)

title grubfm x64 EFI File Manager of a1ive - chainloader /efi/boot/grubfmx64.efi
find --set-root /efi/boot/grubfmx64.efi
chainloader /efi/boot/grubfmx64.efi

title Grub2 Commandline - chainloader /efi/boot/grubx64_real.efi
find --set-root /grub/grub.cfg
chainloader /efi/boot/grubx64_real.efi

title commandline
commandline

title Exit grub4dos
exit_g4d

title reboot - ScreenShot - Use Left Ctrl + Left Alt + F12
reboot

title halt
halt

title VHD/10_XPE.vhd - Win10XPE Flat VHD FILEDISK 2GB for UEFI boot
find --set-root /VHD/10_XPE.vhd
map /VHD/10_XPE.vhd (hd)
chainloader (hd-1)

title VHD/10_XPE.vhd - Win10XPE Flat VHD RAMDISK 2GB for UEFI boot
find --set-root /VHD/10_XPE.vhd
map --mem /VHD/10_XPE.vhd (hd)
chainloader (hd-1)
